2018-08-08T01:35:12.905Z - normal: Load ~/.CocosCreator/settings.json
2018-08-08T01:35:12.908Z - normal: checking language setting...
2018-08-08T01:35:12.908Z - normal: Language: zh
2018-08-08T01:35:13.905Z - success: protocol editor-framework registered
2018-08-08T01:35:13.905Z - success: protocol app registered
2018-08-08T01:35:13.905Z - success: protocol theme registered
2018-08-08T01:35:13.906Z - success: protocol packages registered
2018-08-08T01:35:13.906Z - success: protocol unpack registerred
2018-08-08T01:35:13.906Z - success: protocol disable-commonjs registerred
2018-08-08T01:35:15.276Z - normal: connected!
2018-08-08T01:35:15.277Z - normal: Check project /Users/mac/MatchVsGithub/JumpJump/JumpJump
2018-08-08T01:35:15.279Z - normal: Initializing Cocos2d
2018-08-08T01:35:15.563Z - normal: Initializing Asset Database
2018-08-08T01:35:15.608Z - success: protocol uuid registerred
2018-08-08T01:35:15.608Z - success: protocol db registerred
2018-08-08T01:35:15.608Z - success: protocol thumbnail registerred
2018-08-08T01:35:15.608Z - normal: Loading editor/builtin packages
2018-08-08T01:35:15.633Z - success: anysdk loaded
2018-08-08T01:35:15.782Z - success: assets loaded
2018-08-08T01:35:15.788Z - success: builder loaded
2018-08-08T01:35:15.790Z - success: cocos-analytics loaded
2018-08-08T01:35:15.795Z - success: console loaded
2018-08-08T01:35:15.841Z - success: fb-instant-games loaded
2018-08-08T01:35:15.845Z - success: hierarchy loaded
2018-08-08T01:35:15.853Z - success: inspector loaded
2018-08-08T01:35:15.854Z - success: keystore loaded
2018-08-08T01:35:15.859Z - success: node-library loaded
2018-08-08T01:35:15.861Z - success: package-asset loaded
2018-08-08T01:35:15.863Z - success: preferences loaded
2018-08-08T01:35:15.869Z - success: project-exporter loaded
2018-08-08T01:35:15.892Z - success: project-importer loaded
2018-08-08T01:35:15.895Z - success: project-settings loaded
2018-08-08T01:35:15.903Z - success: ui-kit loaded
2018-08-08T01:35:15.909Z - success: ui-grid loaded
2018-08-08T01:35:15.914Z - success: scene loaded
2018-08-08T01:35:15.918Z - success: sprite-editor loaded
2018-08-08T01:35:15.924Z - success: store loaded
2018-08-08T01:35:15.932Z - success: timeline loaded
2018-08-08T01:35:15.932Z - normal: Loading builtin packages
2018-08-08T01:35:15.940Z - success: asset-db-debugger loaded
2018-08-08T01:35:15.941Z - success: color-picker loaded
2018-08-08T01:35:15.945Z - success: package-manager loaded
2018-08-08T01:35:15.946Z - success: qqplay-adapter loaded
2018-08-08T01:35:15.958Z - success: sdkbox loaded
2018-08-08T01:35:15.964Z - success: tester loaded
2018-08-08T01:35:15.971Z - success: ui-kit-preview-extra loaded
2018-08-08T01:35:15.975Z - success: ui-kit-preview loaded
2018-08-08T01:35:15.979Z - success: ui-tree loaded
2018-08-08T01:35:15.982Z - success: weapp-adapter loaded
2018-08-08T01:35:17.306Z - normal: Initializing project /Users/mac/MatchVsGithub/JumpJump/JumpJump
2018-08-08T01:35:17.308Z - normal: Loading packages
2018-08-08T01:35:17.325Z - success: plugin-matchvs loaded
2018-08-08T01:35:17.325Z - normal: Watching packages
2018-08-08T01:35:17.503Z - normal: Run Application
2018-08-08T01:35:18.475Z - success: preview server running at http://localhost:7458
2018-08-08T01:35:27.558Z - normal: 1.9.3
2018-08-08T01:39:13.818Z - failed: Task [sync-prefab] run error, stop running other tasks.
 TypeError: Cannot read property '_uuid' of null
    at Object._syncPrefab (/Applications/CocosCreator 1.9.3.app/Contents/Resources/app.asar/editor/page/scene-utils/index.js:1:19252)
    at _queue.Async.queue (/Applications/CocosCreator 1.9.3.app/Contents/Resources/app.asar/editor/page/scene-utils/tasks.js:1:551)
    at /Applications/CocosCreator 1.9.3.app/Contents/Resources/app.asar/node_modules/async/lib/async.js:987:13
    at Immediate.process (/Applications/CocosCreator 1.9.3.app/Contents/Resources/app.asar/node_modules/async/lib/async.js:953:21)
    at runCallback (timers.js:672:20)
    at tryOnImmediate (timers.js:645:5)
    at processImmediate [as _immediateCallback] (timers.js:617:5)
2018-08-08T01:46:10.869Z - failed: Task [sync-prefab] run error, stop running other tasks.
 TypeError: Cannot read property '_uuid' of null
    at Object._syncPrefab (/Applications/CocosCreator 1.9.3.app/Contents/Resources/app.asar/editor/page/scene-utils/index.js:1:19252)
    at _queue.Async.queue (/Applications/CocosCreator 1.9.3.app/Contents/Resources/app.asar/editor/page/scene-utils/tasks.js:1:551)
    at /Applications/CocosCreator 1.9.3.app/Contents/Resources/app.asar/node_modules/async/lib/async.js:987:13
    at Immediate.process (/Applications/CocosCreator 1.9.3.app/Contents/Resources/app.asar/node_modules/async/lib/async.js:953:21)
    at runCallback (timers.js:672:20)
    at tryOnImmediate (timers.js:645:5)
    at processImmediate [as _immediateCallback] (timers.js:617:5)
2018-08-08T01:46:59.237Z - warn: The Asset used in prefab "uiRoomVer.prefab" is missing. Detailed information:
Asset url: "db://assets/resources/ui/uiRoomVer.prefab"
Missing uuid: "db29b85e-8a5a-4f1a-8627-d91a699111d8"

2018-08-08T01:46:59.242Z - warn: The Asset used in prefab "uiRoomVer.prefab" is missing. Detailed information:
Asset url: "db://assets/resources/ui/uiRoomVer.prefab"
Missing uuid: "db29b85e-8a5a-4f1a-8627-d91a699111d8"

2018-08-08T01:46:59.242Z - warn: The Asset used in prefab "uiRoomVer.prefab" is missing. Detailed information:
Asset url: "db://assets/resources/ui/uiRoomVer.prefab"
Missing uuid: "db29b85e-8a5a-4f1a-8627-d91a699111d8"

2018-08-08T01:46:59.242Z - warn: The Asset used in prefab "uiRoomVer.prefab" is missing. Detailed information:
Asset url: "db://assets/resources/ui/uiRoomVer.prefab"
Missing uuid: "db29b85e-8a5a-4f1a-8627-d91a699111d8"

2018-08-08T01:46:59.242Z - warn: The Asset used in prefab "uiRoomVer.prefab" is missing. Detailed information:
Asset url: "db://assets/resources/ui/uiRoomVer.prefab"
Missing uuid: "db29b85e-8a5a-4f1a-8627-d91a699111d8"

2018-08-08T01:46:59.243Z - warn: The Asset used in prefab "uiRoomVer.prefab" is missing. Detailed information:
Asset url: "db://assets/resources/ui/uiRoomVer.prefab"
Missing uuid: "db29b85e-8a5a-4f1a-8627-d91a699111d8"

2018-08-08T01:46:59.243Z - warn: The Asset used in prefab "uiRoomVer.prefab" is missing. Detailed information:
Asset url: "db://assets/resources/ui/uiRoomVer.prefab"
Missing uuid: "db29b85e-8a5a-4f1a-8627-d91a699111d8"

2018-08-08T01:46:59.243Z - warn: The Asset used in prefab "uiRoomVer.prefab" is missing. Detailed information:
Asset url: "db://assets/resources/ui/uiRoomVer.prefab"
Missing uuid: "db29b85e-8a5a-4f1a-8627-d91a699111d8"

2018-08-08T01:46:59.243Z - warn: The Asset used in prefab "uiRoomVer.prefab" is missing. Detailed information:
Asset url: "db://assets/resources/ui/uiRoomVer.prefab"
Missing uuid: "db29b85e-8a5a-4f1a-8627-d91a699111d8"

2018-08-08T01:46:59.243Z - warn: The Asset used in prefab "uiRoomVer.prefab" is missing. Detailed information:
Asset url: "db://assets/resources/ui/uiRoomVer.prefab"
Missing uuid: "db29b85e-8a5a-4f1a-8627-d91a699111d8"

2018-08-08T01:46:59.243Z - warn: The Asset used in prefab "uiRoomVer.prefab" is missing. Detailed information:
Asset url: "db://assets/resources/ui/uiRoomVer.prefab"
Missing uuid: "db29b85e-8a5a-4f1a-8627-d91a699111d8"

2018-08-08T01:46:59.245Z - warn: The Asset used in prefab "uiRoomVer.prefab" is missing. Detailed information:
Asset url: "db://assets/resources/ui/uiRoomVer.prefab"
Missing uuid: "db29b85e-8a5a-4f1a-8627-d91a699111d8"

2018-08-08T01:46:59.245Z - warn: The Asset used in prefab "uiRoomVer.prefab" is missing. Detailed information:
Asset url: "db://assets/resources/ui/uiRoomVer.prefab"
Missing uuid: "db29b85e-8a5a-4f1a-8627-d91a699111d8"

2018-08-08T01:46:59.247Z - warn: The Asset used in prefab "uiRoomVer.prefab" is missing. Detailed information:
Asset url: "db://assets/resources/ui/uiRoomVer.prefab"
Missing uuid: "db29b85e-8a5a-4f1a-8627-d91a699111d8"

2018-08-08T01:46:59.247Z - warn: The Asset used in prefab "uiRoomVer.prefab" is missing. Detailed information:
Asset url: "db://assets/resources/ui/uiRoomVer.prefab"
Missing uuid: "db29b85e-8a5a-4f1a-8627-d91a699111d8"

2018-08-08T01:46:59.248Z - warn: The Asset used in prefab "uiRoomVer.prefab" is missing. Detailed information:
Asset url: "db://assets/resources/ui/uiRoomVer.prefab"
Missing uuid: "db29b85e-8a5a-4f1a-8627-d91a699111d8"

2018-08-08T01:46:59.248Z - warn: The Asset used in prefab "uiRoomVer.prefab" is missing. Detailed information:
Asset url: "db://assets/resources/ui/uiRoomVer.prefab"
Missing uuid: "db29b85e-8a5a-4f1a-8627-d91a699111d8"

2018-08-08T01:46:59.249Z - warn: The Asset used in prefab "uiRoomVer.prefab" is missing. Detailed information:
Asset url: "db://assets/resources/ui/uiRoomVer.prefab"
Missing uuid: "db29b85e-8a5a-4f1a-8627-d91a699111d8"

2018-08-08T01:46:59.249Z - warn: The Asset used in prefab "uiRoomVer.prefab" is missing. Detailed information:
Asset url: "db://assets/resources/ui/uiRoomVer.prefab"
Missing uuid: "db29b85e-8a5a-4f1a-8627-d91a699111d8"

2018-08-08T01:46:59.249Z - warn: The Asset used in prefab "uiRoomVer.prefab" is missing. Detailed information:
Asset url: "db://assets/resources/ui/uiRoomVer.prefab"
Missing uuid: "db29b85e-8a5a-4f1a-8627-d91a699111d8"

2018-08-08T01:46:59.250Z - warn: The Asset used in prefab "uiRoomVer.prefab" is missing. Detailed information:
Asset url: "db://assets/resources/ui/uiRoomVer.prefab"
Missing uuid: "db29b85e-8a5a-4f1a-8627-d91a699111d8"

2018-08-08T01:46:59.250Z - warn: The Asset used in prefab "uiRoomVer.prefab" is missing. Detailed information:
Asset url: "db://assets/resources/ui/uiRoomVer.prefab"
Missing uuid: "db29b85e-8a5a-4f1a-8627-d91a699111d8"

2018-08-08T01:46:59.251Z - warn: The Asset used in prefab "uiRoomVer.prefab" is missing. Detailed information:
Asset url: "db://assets/resources/ui/uiRoomVer.prefab"
Missing uuid: "db29b85e-8a5a-4f1a-8627-d91a699111d8"

2018-08-08T01:46:59.251Z - warn: The Asset used in prefab "uiRoomVer.prefab" is missing. Detailed information:
Asset url: "db://assets/resources/ui/uiRoomVer.prefab"
Missing uuid: "db29b85e-8a5a-4f1a-8627-d91a699111d8"

2018-08-08T01:46:59.251Z - warn: The Asset used in prefab "uiRoomVer.prefab" is missing. Detailed information:
Asset url: "db://assets/resources/ui/uiRoomVer.prefab"
Missing uuid: "db29b85e-8a5a-4f1a-8627-d91a699111d8"

2018-08-08T01:46:59.251Z - warn: The Asset used in prefab "uiRoomVer.prefab" is missing. Detailed information:
Asset url: "db://assets/resources/ui/uiRoomVer.prefab"
Missing uuid: "db29b85e-8a5a-4f1a-8627-d91a699111d8"

2018-08-08T01:46:59.251Z - warn: The Asset used in prefab "uiRoomVer.prefab" is missing. Detailed information:
Asset url: "db://assets/resources/ui/uiRoomVer.prefab"
Missing uuid: "db29b85e-8a5a-4f1a-8627-d91a699111d8"

2018-08-08T01:46:59.251Z - warn: The Asset used in prefab "uiRoomVer.prefab" is missing. Detailed information:
Asset url: "db://assets/resources/ui/uiRoomVer.prefab"
Missing uuid: "db29b85e-8a5a-4f1a-8627-d91a699111d8"

2018-08-08T01:46:59.251Z - warn: The Asset used in prefab "uiRoomVer.prefab" is missing. Detailed information:
Asset url: "db://assets/resources/ui/uiRoomVer.prefab"
Missing uuid: "db29b85e-8a5a-4f1a-8627-d91a699111d8"

2018-08-08T01:46:59.252Z - warn: The Asset used in prefab "uiRoomVer.prefab" is missing. Detailed information:
Asset url: "db://assets/resources/ui/uiRoomVer.prefab"
Missing uuid: "db29b85e-8a5a-4f1a-8627-d91a699111d8"

2018-08-08T01:46:59.252Z - warn: The Asset used in prefab "uiRoomVer.prefab" is missing. Detailed information:
Asset url: "db://assets/resources/ui/uiRoomVer.prefab"
Missing uuid: "db29b85e-8a5a-4f1a-8627-d91a699111d8"

2018-08-08T01:46:59.252Z - warn: The Asset used in prefab "uiRoomVer.prefab" is missing. Detailed information:
Asset url: "db://assets/resources/ui/uiRoomVer.prefab"
Missing uuid: "db29b85e-8a5a-4f1a-8627-d91a699111d8"

2018-08-08T01:47:54.243Z - normal: Start building with options : {
  "androidStudio": true,
  "apiLevel": "",
  "appABIs": [],
  "appKey": "",
  "appSecret": "",
  "buildPath": "/Users/mac/MatchVsGithub/JumpJump/JumpJump/build",
  "debug": false,
  "dest": "/Users/mac/MatchVsGithub/JumpJump/JumpJump/build/web-mobile",
  "encryptJs": true,
  "excludeScenes": [],
  "excludedModules": [
    "WebView",
    "RichText",
    "MotionStreak",
    "Camera",
    "Native NetWork"
  ],
  "fb-instant-games": {},
  "includeAnySDK": true,
  "includeEruda": false,
  "includeSDKBox": false,
  "inlineSpriteFrames": true,
  "inlineSpriteFrames_native": true,
  "jailbreakPlatform": false,
  "md5Cache": false,
  "mergeStartScene": false,
  "oauthLoginServer": "",
  "optimizeHotUpdate": false,
  "orientation": {
    "landscapeLeft": true,
    "landscapeRight": true,
    "portrait": false,
    "upsideDown": false
  },
  "packageName": "org.cocos2d.jump-123",
  "platform": "web-mobile",
  "previewHeight": "720",
  "previewWidth": "1280",
  "privateKey": "",
  "qqplay": {
    "REMOTE_SERVER_ROOT": "",
    "orientation": "portrait"
  },
  "renderMode": "0",
  "scenes": [
    "79146b76-f001-46c3-9f85-5e013f21b436",
    "60331843-cd45-4a29-845f-a04a25500983"
  ],
  "sourceMaps": false,
  "startScene": "79146b76-f001-46c3-9f85-5e013f21b436",
  "template": "link",
  "title": "jump-123",
  "useDebugKeystore": true,
  "vsVersion": "auto",
  "webOrientation": "auto",
  "wechatgame": {
    "REMOTE_SERVER_ROOT": "https://data.tianziyou.com/matchvsGamesRes/jump",
    "appid": "wx793199d0ca521154",
    "isSubdomain": false,
    "orientation": "portrait",
    "subContext": ""
  },
  "xxteaKey": "cc4567b0-a2c0-4b",
  "zipCompressJs": true,
  "project": "/Users/mac/MatchVsGithub/JumpJump/JumpJump",
  "projectName": "jump-123",
  "debugBuildWorker": false
}
2018-08-08T01:47:54.248Z - normal: Building /Users/mac/MatchVsGithub/JumpJump/JumpJump
2018-08-08T01:47:54.248Z - normal: Destination /Users/mac/MatchVsGithub/JumpJump/JumpJump/build/web-mobile
2018-08-08T01:47:54.617Z - normal: Delete /Users/mac/MatchVsGithub/JumpJump/JumpJump/build/web-mobile/**/*
2018-08-08T01:48:59.250Z - normal: Compiled project javascript file successfully
2018-08-08T01:48:59.254Z - normal: Start building assets
2018-08-08T01:48:59.254Z - normal: Start spawn build-worker
2018-08-08T01:49:00.010Z - normal: Finish spawn build-worker
2018-08-08T01:49:00.010Z - normal: Start init build-worker
2018-08-08T01:49:02.081Z - normal: 1.9.3
2018-08-08T01:49:02.425Z - normal: Finish init build-worker
2018-08-08T01:49:02.425Z - normal: Start build-assets in worker
2018-08-08T01:49:03.054Z - warn: Script attached to "uiMatching2v2" in prefab "uiMatching2v2.prefab" is missing or invalid. Detailed information:
Node path: "uiMatching2v2"
Asset url: "db://assets/resources/ui/uiMatching2v2.prefab"
Script UUID: "a9812302-2fae-432d-94b4-6b86db93294d"
Class ID: "a9812MCL65DLZS0a4bbkylN"

2018-08-08T01:49:03.216Z - warn: The referenced asset used in "db://assets/resources/_AllResources/_AnimationClip/AirConditioner.anim" is not found, it may have been deleted. Detailed information:
uuid: "4943f198-e9a3-45e7-ac49-075c14bc5acf"
2018-08-08T01:49:03.218Z - warn: The referenced asset used in "db://assets/resources/_AllResources/_AnimationClip/AirConditioner.anim" is not found, it may have been deleted. Detailed information:
uuid: "ef9b8e15-35de-4ad6-9ff2-337c7baa52b8"
2018-08-08T01:49:03.221Z - warn: The referenced asset used in "db://assets/resources/_AllResources/_AnimationClip/AirConditioner.anim" is not found, it may have been deleted. Detailed information:
uuid: "3744321b-bea9-42f8-9331-b74c39419668"
2018-08-08T01:49:03.229Z - warn: The referenced asset used in "db://assets/resources/_AllResources/_AnimationClip/GlassTable.anim" is not found, it may have been deleted. Detailed information:
uuid: "9a250fcc-2fce-418c-87bb-ab506f842d50"
2018-08-08T01:49:03.233Z - warn: The referenced asset used in "db://assets/resources/_AllResources/_AnimationClip/GlassTable.anim" is not found, it may have been deleted. Detailed information:
uuid: "4eae31ff-5460-4e5e-bffb-4d73bd47003e"
2018-08-08T01:49:03.236Z - warn: The referenced asset used in "db://assets/resources/_AllResources/_AnimationClip/GlassTable.anim" is not found, it may have been deleted. Detailed information:
uuid: "7acf0ead-7ce0-440e-aa97-fb28d2578b61"
2018-08-08T01:49:03.237Z - warn: The referenced asset used in "db://assets/resources/_AllResources/_AnimationClip/GlassTable.anim" is not found, it may have been deleted. Detailed information:
uuid: "c8e2d098-f789-4003-b719-4b09c1db6d35"
2018-08-08T01:49:03.238Z - warn: The referenced asset used in "db://assets/resources/_AllResources/_AnimationClip/GlassTable.anim" is not found, it may have been deleted. Detailed information:
uuid: "104f6289-5a1c-4a70-a6db-3939f80e0bef"
2018-08-08T01:49:03.240Z - warn: The referenced asset used in "db://assets/resources/_AllResources/_AnimationClip/GlassTable.anim" is not found, it may have been deleted. Detailed information:
uuid: "9ed142e6-c4e6-48b3-80c6-408050388532"
2018-08-08T01:49:03.251Z - warn: The referenced asset used in "db://assets/resources/_AllResources/_AnimationClip/GlassTable.anim" is not found, it may have been deleted. Detailed information:
uuid: "38e24c01-14a5-40d7-8ec3-f19df38cf2d0"
2018-08-08T01:49:03.254Z - warn: The referenced asset used in "db://assets/resources/_AllResources/_AnimationClip/GlassTable.anim" is not found, it may have been deleted. Detailed information:
uuid: "a5205a03-b7eb-43d8-9fef-0560629266bd"
2018-08-08T01:49:03.257Z - warn: The referenced asset used in "db://assets/resources/_AllResources/_AnimationClip/TV.anim" is not found, it may have been deleted. Detailed information:
uuid: "fe9731b0-90c4-450c-9065-5d989cc94b4d"
2018-08-08T01:49:03.263Z - warn: The referenced asset used in "db://assets/resources/_AllResources/_AnimationClip/TV.anim" is not found, it may have been deleted. Detailed information:
uuid: "3a327938-1741-461a-8256-3c68b887e964"
2018-08-08T01:49:03.264Z - warn: The referenced asset used in "db://assets/resources/_AllResources/_AnimationClip/TV.anim" is not found, it may have been deleted. Detailed information:
uuid: "04c1305b-d4cb-4f41-8fcb-e2ad6b7debd8"
2018-08-08T01:49:03.265Z - warn: The referenced asset used in "db://assets/resources/_AllResources/_AnimationClip/Phonograph.anim" is not found, it may have been deleted. Detailed information:
uuid: "32290a25-e26d-4987-b87e-cdd83699daa9"
2018-08-08T01:49:03.266Z - warn: The referenced asset used in "db://assets/resources/_AllResources/_AnimationClip/Phonograph.anim" is not found, it may have been deleted. Detailed information:
uuid: "84ad1a1a-14dd-48b7-a317-e08f7df0fa73"
2018-08-08T01:49:03.269Z - warn: The referenced asset used in "db://assets/resources/_AllResources/_AnimationClip/Phonograph.anim" is not found, it may have been deleted. Detailed information:
uuid: "d31c31fa-0b34-459d-8eb6-21c62f9228a3"
2018-08-08T01:49:03.270Z - warn: The referenced asset used in "db://assets/resources/_AllResources/_AnimationClip/Phonograph.anim" is not found, it may have been deleted. Detailed information:
uuid: "1d21d624-cf28-44ff-b2ed-53d419a0462b"
2018-08-08T01:49:03.271Z - warn: The referenced asset used in "db://assets/resources/_AllResources/_AnimationClip/Phonograph.anim" is not found, it may have been deleted. Detailed information:
uuid: "4fa64549-9f56-48b8-9f0e-3ec8813f2920"
2018-08-08T01:49:03.272Z - warn: The referenced asset used in "db://assets/resources/_AllResources/_AnimationClip/Phonograph.anim" is not found, it may have been deleted. Detailed information:
uuid: "f326bed3-d317-408f-90dd-443b176c2af6"
2018-08-08T01:49:03.275Z - warn: The referenced asset used in "db://assets/resources/_AllResources/_AnimationClip/Phonograph.anim" is not found, it may have been deleted. Detailed information:
uuid: "997ee1f9-067d-4b02-9108-a1a545a35d13"
2018-08-08T01:49:03.277Z - warn: The referenced asset used in "db://assets/resources/_AllResources/_AnimationClip/Phonograph.anim" is not found, it may have been deleted. Detailed information:
uuid: "5ccec017-2524-4c8c-8339-40fdda499ec2"
2018-08-08T01:49:03.280Z - warn: The referenced asset used in "db://assets/resources/_AllResources/_AnimationClip/Phonograph.anim" is not found, it may have been deleted. Detailed information:
uuid: "fda1fd1d-1911-488a-a1aa-6b761494a3b0"
2018-08-08T01:49:03.288Z - warn: The referenced asset used in "db://assets/resources/_AllResources/_AnimationClip/Phonograph.anim" is not found, it may have been deleted. Detailed information:
uuid: "16789ca2-1666-496e-82f6-07482bced02d"
2018-08-08T01:49:03.302Z - warn: The referenced asset used in "db://assets/resources/ui/uiCreateRoomVer.prefab" is not found, it may have been deleted. Detailed information:
Used by "cc.PrefabInfo"
uuid: "869357cf-0aad-48fd-b6d2-559540acb1a2"
2018-08-08T01:49:03.338Z - warn: The referenced asset used in "db://assets/resources/ui/uiLogin.prefab" is not found, it may have been deleted. Detailed information:
Used by "cc.PrefabInfo"
uuid: "bc11d099-b78d-4c5a-9bb7-643ed8a487c4"
2018-08-08T01:49:03.341Z - warn: The referenced asset used in "db://assets/resources/ui/uiLogin.prefab" is not found, it may have been deleted. Detailed information:
Node path: "uiLogin/xiaojilogo"
Used in Component: "cc.Sprite"
uuid: "6b1ea273-3343-49d8-82e6-5dd0c40dfb42"
2018-08-08T01:49:03.355Z - warn: The referenced asset used in "db://assets/resources/ui/uiMatching2v2.prefab" is not found, it may have been deleted. Detailed information:
Node path: "uiMatching2v2/play-bg"
Used in Component: "cc.Sprite"
uuid: "b400fa89-4222-4a1f-a45c-c0d7f6991bbd"
2018-08-08T01:49:03.358Z - warn: The referenced asset used in "db://assets/resources/ui/uiMatching2v2.prefab" is not found, it may have been deleted. Detailed information:
Used by "cc.PrefabInfo"
uuid: "cbc68f84-2be9-4225-aaf3-19131155efeb"
2018-08-08T01:49:03.359Z - warn: The referenced asset used in "db://assets/resources/ui/uiMatching2v2Ver.prefab" is not found, it may have been deleted. Detailed information:
Used by "cc.PrefabInfo"
uuid: "7af4c07e-6da4-4e33-a111-2a7e3d7d2c10"
2018-08-08T01:49:03.361Z - warn: The referenced asset used in "db://assets/resources/ui/uiMatchingVer.prefab" is not found, it may have been deleted. Detailed information:
Used by "cc.PrefabInfo"
uuid: "9d9420b0-61ef-482e-a2bd-426b5b0e332f"
2018-08-08T01:49:03.381Z - warn: The referenced asset used in "db://assets/resources/ui/uiResultVer.prefab" is not found, it may have been deleted. Detailed information:
Used by "cc.PrefabInfo"
uuid: "e649c1b8-6bdf-4209-9aee-e75231a2d824"
2018-08-08T01:49:03.383Z - warn: The referenced asset used in "db://assets/resources/ui/uiResultVer.prefab" is not found, it may have been deleted. Detailed information:
Node path: "uiResultVer"
Used in Component: "uiResult"
uuid: "275a72f3-ffff-43cf-9c1c-b6495b147d60"
2018-08-08T01:49:03.385Z - warn: The referenced asset used in "db://assets/resources/ui/uiResultVer.prefab" is not found, it may have been deleted. Detailed information:
Node path: "uiResultVer"
Used in Component: "uiResult"
uuid: "1ceb701f-3aa5-45a6-9daf-c261fabbecbf"
2018-08-08T01:49:03.390Z - warn: The referenced asset used in "db://assets/resources/ui/uiRoomListVer.prefab" is not found, it may have been deleted. Detailed information:
Used by "cc.PrefabInfo"
uuid: "63d42f36-09b3-4c78-847c-ed201f58b3fd"
2018-08-08T01:49:04.302Z - normal: Finish build-assets in worker
2018-08-08T01:49:04.305Z - normal: Finish building assets
2018-08-08T01:49:04.366Z - normal: Start building raw assets
2018-08-08T01:49:04.379Z - normal: Start building plugin scripts
2018-08-08T01:49:07.804Z - normal: Finish building plugin scripts
2018-08-08T01:49:07.960Z - normal: Finish building raw assets
2018-08-08T01:49:07.984Z - normal: Generating main.js from /Applications/CocosCreator 1.9.3.app/Contents/Resources/static/build-templates/shares/main.js
2018-08-08T01:49:08.001Z - normal: Generating html from /Applications/CocosCreator 1.9.3.app/Contents/Resources/static/build-templates/web-mobile/template/index.html
2018-08-08T01:49:08.012Z - normal: Built to "/Users/mac/MatchVsGithub/JumpJump/JumpJump/build/web-mobile" successfully
2018-08-08T01:50:16.745Z - normal: Start building with options : {
  "androidStudio": true,
  "apiLevel": "",
  "appABIs": [],
  "appKey": "",
  "appSecret": "",
  "buildPath": "/Users/mac/MatchVsGithub/JumpJump/JumpJump/build",
  "debug": false,
  "dest": "/Users/mac/MatchVsGithub/JumpJump/JumpJump/build/web-mobile",
  "encryptJs": true,
  "excludeScenes": [],
  "excludedModules": [
    "WebView",
    "RichText",
    "MotionStreak",
    "Camera",
    "Native NetWork"
  ],
  "fb-instant-games": {},
  "includeAnySDK": true,
  "includeEruda": false,
  "includeSDKBox": false,
  "inlineSpriteFrames": true,
  "inlineSpriteFrames_native": true,
  "jailbreakPlatform": false,
  "md5Cache": true,
  "mergeStartScene": false,
  "oauthLoginServer": "",
  "optimizeHotUpdate": false,
  "orientation": {
    "landscapeLeft": true,
    "landscapeRight": true,
    "portrait": false,
    "upsideDown": false
  },
  "packageName": "org.cocos2d.jump-123",
  "platform": "web-mobile",
  "previewHeight": "720",
  "previewWidth": "1280",
  "privateKey": "",
  "qqplay": {
    "REMOTE_SERVER_ROOT": "",
    "orientation": "portrait"
  },
  "renderMode": "0",
  "scenes": [
    "79146b76-f001-46c3-9f85-5e013f21b436",
    "60331843-cd45-4a29-845f-a04a25500983"
  ],
  "sourceMaps": false,
  "startScene": "79146b76-f001-46c3-9f85-5e013f21b436",
  "template": "link",
  "title": "jump-123",
  "useDebugKeystore": true,
  "vsVersion": "auto",
  "webOrientation": "portrait",
  "wechatgame": {
    "REMOTE_SERVER_ROOT": "https://data.tianziyou.com/matchvsGamesRes/jump",
    "appid": "wx793199d0ca521154",
    "isSubdomain": false,
    "orientation": "portrait",
    "subContext": ""
  },
  "xxteaKey": "cc4567b0-a2c0-4b",
  "zipCompressJs": true,
  "project": "/Users/mac/MatchVsGithub/JumpJump/JumpJump",
  "projectName": "jump-123",
  "debugBuildWorker": false
}
2018-08-08T01:50:16.756Z - normal: Building /Users/mac/MatchVsGithub/JumpJump/JumpJump
2018-08-08T01:50:16.756Z - normal: Destination /Users/mac/MatchVsGithub/JumpJump/JumpJump/build/web-mobile
2018-08-08T01:50:16.758Z - normal: Delete /Users/mac/MatchVsGithub/JumpJump/JumpJump/build/web-mobile/**/*
2018-08-08T01:50:28.227Z - normal: Compiled project javascript file successfully
2018-08-08T01:50:28.228Z - normal: Start building assets
2018-08-08T01:50:28.229Z - normal: Start spawn build-worker
2018-08-08T01:50:29.201Z - normal: Finish spawn build-worker
2018-08-08T01:50:29.201Z - normal: Start init build-worker
2018-08-08T01:50:34.406Z - normal: 1.9.3
2018-08-08T01:50:35.407Z - normal: Finish init build-worker
2018-08-08T01:50:35.407Z - normal: Start build-assets in worker
2018-08-08T01:50:37.155Z - warn: Script attached to "uiMatching2v2" in prefab "uiMatching2v2.prefab" is missing or invalid. Detailed information:
Node path: "uiMatching2v2"
Asset url: "db://assets/resources/ui/uiMatching2v2.prefab"
Script UUID: "a9812302-2fae-432d-94b4-6b86db93294d"
Class ID: "a9812MCL65DLZS0a4bbkylN"

2018-08-08T01:50:37.639Z - warn: The referenced asset used in "db://assets/resources/_AllResources/_AnimationClip/AirConditioner.anim" is not found, it may have been deleted. Detailed information:
uuid: "4943f198-e9a3-45e7-ac49-075c14bc5acf"
2018-08-08T01:50:37.651Z - warn: The referenced asset used in "db://assets/resources/_AllResources/_AnimationClip/AirConditioner.anim" is not found, it may have been deleted. Detailed information:
uuid: "ef9b8e15-35de-4ad6-9ff2-337c7baa52b8"
2018-08-08T01:50:37.654Z - warn: The referenced asset used in "db://assets/resources/_AllResources/_AnimationClip/AirConditioner.anim" is not found, it may have been deleted. Detailed information:
uuid: "3744321b-bea9-42f8-9331-b74c39419668"
2018-08-08T01:50:37.659Z - warn: The referenced asset used in "db://assets/resources/_AllResources/_AnimationClip/GlassTable.anim" is not found, it may have been deleted. Detailed information:
uuid: "9a250fcc-2fce-418c-87bb-ab506f842d50"
2018-08-08T01:50:37.667Z - warn: The referenced asset used in "db://assets/resources/_AllResources/_AnimationClip/GlassTable.anim" is not found, it may have been deleted. Detailed information:
uuid: "4eae31ff-5460-4e5e-bffb-4d73bd47003e"
2018-08-08T01:50:37.671Z - warn: The referenced asset used in "db://assets/resources/_AllResources/_AnimationClip/GlassTable.anim" is not found, it may have been deleted. Detailed information:
uuid: "7acf0ead-7ce0-440e-aa97-fb28d2578b61"
2018-08-08T01:50:37.673Z - warn: The referenced asset used in "db://assets/resources/_AllResources/_AnimationClip/GlassTable.anim" is not found, it may have been deleted. Detailed information:
uuid: "c8e2d098-f789-4003-b719-4b09c1db6d35"
2018-08-08T01:50:37.676Z - warn: The referenced asset used in "db://assets/resources/_AllResources/_AnimationClip/GlassTable.anim" is not found, it may have been deleted. Detailed information:
uuid: "104f6289-5a1c-4a70-a6db-3939f80e0bef"
2018-08-08T01:50:37.697Z - warn: The referenced asset used in "db://assets/resources/_AllResources/_AnimationClip/GlassTable.anim" is not found, it may have been deleted. Detailed information:
uuid: "9ed142e6-c4e6-48b3-80c6-408050388532"
2018-08-08T01:50:37.701Z - warn: The referenced asset used in "db://assets/resources/_AllResources/_AnimationClip/GlassTable.anim" is not found, it may have been deleted. Detailed information:
uuid: "38e24c01-14a5-40d7-8ec3-f19df38cf2d0"
2018-08-08T01:50:37.709Z - warn: The referenced asset used in "db://assets/resources/_AllResources/_AnimationClip/GlassTable.anim" is not found, it may have been deleted. Detailed information:
uuid: "a5205a03-b7eb-43d8-9fef-0560629266bd"
2018-08-08T01:50:37.719Z - warn: The referenced asset used in "db://assets/resources/_AllResources/_AnimationClip/TV.anim" is not found, it may have been deleted. Detailed information:
uuid: "fe9731b0-90c4-450c-9065-5d989cc94b4d"
2018-08-08T01:50:37.739Z - warn: The referenced asset used in "db://assets/resources/_AllResources/_AnimationClip/TV.anim" is not found, it may have been deleted. Detailed information:
uuid: "3a327938-1741-461a-8256-3c68b887e964"
2018-08-08T01:50:37.781Z - warn: The referenced asset used in "db://assets/resources/_AllResources/_AnimationClip/TV.anim" is not found, it may have been deleted. Detailed information:
uuid: "04c1305b-d4cb-4f41-8fcb-e2ad6b7debd8"
2018-08-08T01:50:37.800Z - warn: The referenced asset used in "db://assets/resources/_AllResources/_AnimationClip/Phonograph.anim" is not found, it may have been deleted. Detailed information:
uuid: "32290a25-e26d-4987-b87e-cdd83699daa9"
2018-08-08T01:50:37.819Z - warn: The referenced asset used in "db://assets/resources/_AllResources/_AnimationClip/Phonograph.anim" is not found, it may have been deleted. Detailed information:
uuid: "84ad1a1a-14dd-48b7-a317-e08f7df0fa73"
2018-08-08T01:50:37.834Z - warn: The referenced asset used in "db://assets/resources/_AllResources/_AnimationClip/Phonograph.anim" is not found, it may have been deleted. Detailed information:
uuid: "d31c31fa-0b34-459d-8eb6-21c62f9228a3"
2018-08-08T01:50:37.847Z - warn: The referenced asset used in "db://assets/resources/_AllResources/_AnimationClip/Phonograph.anim" is not found, it may have been deleted. Detailed information:
uuid: "1d21d624-cf28-44ff-b2ed-53d419a0462b"
2018-08-08T01:50:37.854Z - warn: The referenced asset used in "db://assets/resources/_AllResources/_AnimationClip/Phonograph.anim" is not found, it may have been deleted. Detailed information:
uuid: "4fa64549-9f56-48b8-9f0e-3ec8813f2920"
2018-08-08T01:50:37.855Z - warn: The referenced asset used in "db://assets/resources/_AllResources/_AnimationClip/Phonograph.anim" is not found, it may have been deleted. Detailed information:
uuid: "f326bed3-d317-408f-90dd-443b176c2af6"
2018-08-08T01:50:37.857Z - warn: The referenced asset used in "db://assets/resources/_AllResources/_AnimationClip/Phonograph.anim" is not found, it may have been deleted. Detailed information:
uuid: "997ee1f9-067d-4b02-9108-a1a545a35d13"
2018-08-08T01:50:37.864Z - warn: The referenced asset used in "db://assets/resources/_AllResources/_AnimationClip/Phonograph.anim" is not found, it may have been deleted. Detailed information:
uuid: "5ccec017-2524-4c8c-8339-40fdda499ec2"
2018-08-08T01:50:37.868Z - warn: The referenced asset used in "db://assets/resources/_AllResources/_AnimationClip/Phonograph.anim" is not found, it may have been deleted. Detailed information:
uuid: "fda1fd1d-1911-488a-a1aa-6b761494a3b0"
2018-08-08T01:50:37.873Z - warn: The referenced asset used in "db://assets/resources/_AllResources/_AnimationClip/Phonograph.anim" is not found, it may have been deleted. Detailed information:
uuid: "16789ca2-1666-496e-82f6-07482bced02d"
2018-08-08T01:50:37.915Z - warn: The referenced asset used in "db://assets/resources/ui/uiCreateRoomVer.prefab" is not found, it may have been deleted. Detailed information:
Used by "cc.PrefabInfo"
uuid: "869357cf-0aad-48fd-b6d2-559540acb1a2"
2018-08-08T01:50:38.007Z - warn: The referenced asset used in "db://assets/resources/ui/uiLogin.prefab" is not found, it may have been deleted. Detailed information:
Used by "cc.PrefabInfo"
uuid: "bc11d099-b78d-4c5a-9bb7-643ed8a487c4"
2018-08-08T01:50:38.010Z - warn: The referenced asset used in "db://assets/resources/ui/uiLogin.prefab" is not found, it may have been deleted. Detailed information:
Node path: "uiLogin/xiaojilogo"
Used in Component: "cc.Sprite"
uuid: "6b1ea273-3343-49d8-82e6-5dd0c40dfb42"
2018-08-08T01:50:38.045Z - warn: The referenced asset used in "db://assets/resources/ui/uiMatching2v2.prefab" is not found, it may have been deleted. Detailed information:
Node path: "uiMatching2v2/play-bg"
Used in Component: "cc.Sprite"
uuid: "b400fa89-4222-4a1f-a45c-c0d7f6991bbd"
2018-08-08T01:50:38.050Z - warn: The referenced asset used in "db://assets/resources/ui/uiMatching2v2.prefab" is not found, it may have been deleted. Detailed information:
Used by "cc.PrefabInfo"
uuid: "cbc68f84-2be9-4225-aaf3-19131155efeb"
2018-08-08T01:50:38.051Z - warn: The referenced asset used in "db://assets/resources/ui/uiMatching2v2Ver.prefab" is not found, it may have been deleted. Detailed information:
Used by "cc.PrefabInfo"
uuid: "7af4c07e-6da4-4e33-a111-2a7e3d7d2c10"
2018-08-08T01:50:38.055Z - warn: The referenced asset used in "db://assets/resources/ui/uiMatchingVer.prefab" is not found, it may have been deleted. Detailed information:
Used by "cc.PrefabInfo"
uuid: "9d9420b0-61ef-482e-a2bd-426b5b0e332f"
2018-08-08T01:50:38.089Z - warn: The referenced asset used in "db://assets/resources/ui/uiResultVer.prefab" is not found, it may have been deleted. Detailed information:
Used by "cc.PrefabInfo"
uuid: "e649c1b8-6bdf-4209-9aee-e75231a2d824"
2018-08-08T01:50:38.092Z - warn: The referenced asset used in "db://assets/resources/ui/uiResultVer.prefab" is not found, it may have been deleted. Detailed information:
Node path: "uiResultVer"
Used in Component: "uiResult"
uuid: "275a72f3-ffff-43cf-9c1c-b6495b147d60"
2018-08-08T01:50:38.101Z - warn: The referenced asset used in "db://assets/resources/ui/uiResultVer.prefab" is not found, it may have been deleted. Detailed information:
Node path: "uiResultVer"
Used in Component: "uiResult"
uuid: "1ceb701f-3aa5-45a6-9daf-c261fabbecbf"
2018-08-08T01:50:38.108Z - warn: The referenced asset used in "db://assets/resources/ui/uiRoomListVer.prefab" is not found, it may have been deleted. Detailed information:
Used by "cc.PrefabInfo"
uuid: "63d42f36-09b3-4c78-847c-ed201f58b3fd"
2018-08-08T01:50:39.873Z - normal: Finish build-assets in worker
2018-08-08T01:50:39.890Z - normal: Finish building assets
2018-08-08T01:50:39.945Z - normal: Start building raw assets
2018-08-08T01:50:39.946Z - normal: Start building plugin scripts
2018-08-08T01:50:44.022Z - normal: Finish building plugin scripts
2018-08-08T01:50:44.295Z - normal: Finish building raw assets
2018-08-08T01:50:44.471Z - normal: Generating main.js from /Applications/CocosCreator 1.9.3.app/Contents/Resources/static/build-templates/shares/main.js
2018-08-08T01:50:44.490Z - normal: Generating html from /Applications/CocosCreator 1.9.3.app/Contents/Resources/static/build-templates/web-mobile/template/index.html
2018-08-08T01:50:44.723Z - normal: Built to "/Users/mac/MatchVsGithub/JumpJump/JumpJump/build/web-mobile" successfully
2018-08-08T02:04:42.803Z - normal: Start building with options : {
  "androidStudio": true,
  "apiLevel": "",
  "appABIs": [],
  "appKey": "",
  "appSecret": "",
  "buildPath": "/Users/mac/MatchVsGithub/JumpJump/JumpJump/build",
  "debug": false,
  "dest": "/Users/mac/MatchVsGithub/JumpJump/JumpJump/build/wechatgame",
  "encryptJs": true,
  "excludeScenes": [],
  "excludedModules": [
    "WebView",
    "RichText",
    "MotionStreak",
    "Camera",
    "Native NetWork"
  ],
  "fb-instant-games": {},
  "includeAnySDK": true,
  "includeEruda": false,
  "includeSDKBox": false,
  "inlineSpriteFrames": true,
  "inlineSpriteFrames_native": true,
  "jailbreakPlatform": false,
  "md5Cache": true,
  "mergeStartScene": false,
  "oauthLoginServer": "",
  "optimizeHotUpdate": false,
  "orientation": {
    "landscapeLeft": true,
    "landscapeRight": true,
    "portrait": false,
    "upsideDown": false
  },
  "packageName": "org.cocos2d.jump-123",
  "platform": "wechatgame",
  "previewHeight": "720",
  "previewWidth": "1280",
  "privateKey": "",
  "qqplay": {
    "REMOTE_SERVER_ROOT": "",
    "orientation": "portrait"
  },
  "renderMode": "0",
  "scenes": [
    "79146b76-f001-46c3-9f85-5e013f21b436",
    "60331843-cd45-4a29-845f-a04a25500983"
  ],
  "sourceMaps": false,
  "startScene": "79146b76-f001-46c3-9f85-5e013f21b436",
  "template": "link",
  "title": "jump-123",
  "useDebugKeystore": true,
  "vsVersion": "auto",
  "webOrientation": "portrait",
  "wechatgame": {
    "REMOTE_SERVER_ROOT": "https://data.tianziyou.com/matchvsGamesRes/jump",
    "appid": "wx793199d0ca521154",
    "isSubdomain": false,
    "orientation": "portrait",
    "subContext": ""
  },
  "xxteaKey": "cc4567b0-a2c0-4b",
  "zipCompressJs": true,
  "project": "/Users/mac/MatchVsGithub/JumpJump/JumpJump",
  "projectName": "jump-123",
  "debugBuildWorker": false
}
2018-08-08T02:04:42.817Z - normal: Building /Users/mac/MatchVsGithub/JumpJump/JumpJump
2018-08-08T02:04:42.817Z - normal: Destination /Users/mac/MatchVsGithub/JumpJump/JumpJump/build/wechatgame
2018-08-08T02:04:42.818Z - normal: Delete /Users/mac/MatchVsGithub/JumpJump/JumpJump/build/wechatgame/**/*
2018-08-08T02:05:47.790Z - normal: Compiled project javascript file successfully
2018-08-08T02:05:47.791Z - normal: Start building assets
2018-08-08T02:05:47.792Z - normal: Start spawn build-worker
2018-08-08T02:05:48.495Z - normal: Finish spawn build-worker
2018-08-08T02:05:48.496Z - normal: Start init build-worker
2018-08-08T02:05:50.493Z - normal: 1.9.3
2018-08-08T02:05:50.827Z - normal: Finish init build-worker
2018-08-08T02:05:50.827Z - normal: Start build-assets in worker
2018-08-08T02:05:51.377Z - warn: Script attached to "uiMatching2v2" in prefab "uiMatching2v2.prefab" is missing or invalid. Detailed information:
Node path: "uiMatching2v2"
Asset url: "db://assets/resources/ui/uiMatching2v2.prefab"
Script UUID: "a9812302-2fae-432d-94b4-6b86db93294d"
Class ID: "a9812MCL65DLZS0a4bbkylN"

2018-08-08T02:05:51.522Z - warn: The referenced asset used in "db://assets/resources/_AllResources/_AnimationClip/AirConditioner.anim" is not found, it may have been deleted. Detailed information:
uuid: "4943f198-e9a3-45e7-ac49-075c14bc5acf"
2018-08-08T02:05:51.524Z - warn: The referenced asset used in "db://assets/resources/_AllResources/_AnimationClip/AirConditioner.anim" is not found, it may have been deleted. Detailed information:
uuid: "ef9b8e15-35de-4ad6-9ff2-337c7baa52b8"
2018-08-08T02:05:51.526Z - warn: The referenced asset used in "db://assets/resources/_AllResources/_AnimationClip/AirConditioner.anim" is not found, it may have been deleted. Detailed information:
uuid: "3744321b-bea9-42f8-9331-b74c39419668"
2018-08-08T02:05:51.528Z - warn: The referenced asset used in "db://assets/resources/_AllResources/_AnimationClip/GlassTable.anim" is not found, it may have been deleted. Detailed information:
uuid: "9a250fcc-2fce-418c-87bb-ab506f842d50"
2018-08-08T02:05:51.529Z - warn: The referenced asset used in "db://assets/resources/_AllResources/_AnimationClip/GlassTable.anim" is not found, it may have been deleted. Detailed information:
uuid: "4eae31ff-5460-4e5e-bffb-4d73bd47003e"
2018-08-08T02:05:51.530Z - warn: The referenced asset used in "db://assets/resources/_AllResources/_AnimationClip/GlassTable.anim" is not found, it may have been deleted. Detailed information:
uuid: "7acf0ead-7ce0-440e-aa97-fb28d2578b61"
2018-08-08T02:05:51.531Z - warn: The referenced asset used in "db://assets/resources/_AllResources/_AnimationClip/GlassTable.anim" is not found, it may have been deleted. Detailed information:
uuid: "c8e2d098-f789-4003-b719-4b09c1db6d35"
2018-08-08T02:05:51.532Z - warn: The referenced asset used in "db://assets/resources/_AllResources/_AnimationClip/GlassTable.anim" is not found, it may have been deleted. Detailed information:
uuid: "104f6289-5a1c-4a70-a6db-3939f80e0bef"
2018-08-08T02:05:51.533Z - warn: The referenced asset used in "db://assets/resources/_AllResources/_AnimationClip/GlassTable.anim" is not found, it may have been deleted. Detailed information:
uuid: "9ed142e6-c4e6-48b3-80c6-408050388532"
2018-08-08T02:05:51.533Z - warn: The referenced asset used in "db://assets/resources/_AllResources/_AnimationClip/GlassTable.anim" is not found, it may have been deleted. Detailed information:
uuid: "38e24c01-14a5-40d7-8ec3-f19df38cf2d0"
2018-08-08T02:05:51.534Z - warn: The referenced asset used in "db://assets/resources/_AllResources/_AnimationClip/GlassTable.anim" is not found, it may have been deleted. Detailed information:
uuid: "a5205a03-b7eb-43d8-9fef-0560629266bd"
2018-08-08T02:05:51.535Z - warn: The referenced asset used in "db://assets/resources/_AllResources/_AnimationClip/Phonograph.anim" is not found, it may have been deleted. Detailed information:
uuid: "32290a25-e26d-4987-b87e-cdd83699daa9"
2018-08-08T02:05:51.536Z - warn: The referenced asset used in "db://assets/resources/_AllResources/_AnimationClip/Phonograph.anim" is not found, it may have been deleted. Detailed information:
uuid: "84ad1a1a-14dd-48b7-a317-e08f7df0fa73"
2018-08-08T02:05:51.538Z - warn: The referenced asset used in "db://assets/resources/_AllResources/_AnimationClip/Phonograph.anim" is not found, it may have been deleted. Detailed information:
uuid: "d31c31fa-0b34-459d-8eb6-21c62f9228a3"
2018-08-08T02:05:51.538Z - warn: The referenced asset used in "db://assets/resources/_AllResources/_AnimationClip/Phonograph.anim" is not found, it may have been deleted. Detailed information:
uuid: "1d21d624-cf28-44ff-b2ed-53d419a0462b"
2018-08-08T02:05:51.541Z - warn: The referenced asset used in "db://assets/resources/_AllResources/_AnimationClip/Phonograph.anim" is not found, it may have been deleted. Detailed information:
uuid: "4fa64549-9f56-48b8-9f0e-3ec8813f2920"
2018-08-08T02:05:51.544Z - warn: The referenced asset used in "db://assets/resources/_AllResources/_AnimationClip/Phonograph.anim" is not found, it may have been deleted. Detailed information:
uuid: "f326bed3-d317-408f-90dd-443b176c2af6"
2018-08-08T02:05:51.545Z - warn: The referenced asset used in "db://assets/resources/_AllResources/_AnimationClip/Phonograph.anim" is not found, it may have been deleted. Detailed information:
uuid: "997ee1f9-067d-4b02-9108-a1a545a35d13"
2018-08-08T02:05:51.546Z - warn: The referenced asset used in "db://assets/resources/_AllResources/_AnimationClip/Phonograph.anim" is not found, it may have been deleted. Detailed information:
uuid: "5ccec017-2524-4c8c-8339-40fdda499ec2"
2018-08-08T02:05:51.548Z - warn: The referenced asset used in "db://assets/resources/_AllResources/_AnimationClip/Phonograph.anim" is not found, it may have been deleted. Detailed information:
uuid: "fda1fd1d-1911-488a-a1aa-6b761494a3b0"
2018-08-08T02:05:51.549Z - warn: The referenced asset used in "db://assets/resources/_AllResources/_AnimationClip/Phonograph.anim" is not found, it may have been deleted. Detailed information:
uuid: "16789ca2-1666-496e-82f6-07482bced02d"
2018-08-08T02:05:51.551Z - warn: The referenced asset used in "db://assets/resources/_AllResources/_AnimationClip/TV.anim" is not found, it may have been deleted. Detailed information:
uuid: "fe9731b0-90c4-450c-9065-5d989cc94b4d"
2018-08-08T02:05:51.555Z - warn: The referenced asset used in "db://assets/resources/_AllResources/_AnimationClip/TV.anim" is not found, it may have been deleted. Detailed information:
uuid: "3a327938-1741-461a-8256-3c68b887e964"
2018-08-08T02:05:51.556Z - warn: The referenced asset used in "db://assets/resources/_AllResources/_AnimationClip/TV.anim" is not found, it may have been deleted. Detailed information:
uuid: "04c1305b-d4cb-4f41-8fcb-e2ad6b7debd8"
2018-08-08T02:05:51.565Z - warn: The referenced asset used in "db://assets/resources/ui/uiCreateRoomVer.prefab" is not found, it may have been deleted. Detailed information:
Used by "cc.PrefabInfo"
uuid: "869357cf-0aad-48fd-b6d2-559540acb1a2"
2018-08-08T02:05:51.632Z - warn: The referenced asset used in "db://assets/resources/ui/uiLogin.prefab" is not found, it may have been deleted. Detailed information:
Used by "cc.PrefabInfo"
uuid: "bc11d099-b78d-4c5a-9bb7-643ed8a487c4"
2018-08-08T02:05:51.635Z - warn: The referenced asset used in "db://assets/resources/ui/uiLogin.prefab" is not found, it may have been deleted. Detailed information:
Node path: "uiLogin/xiaojilogo"
Used in Component: "cc.Sprite"
uuid: "6b1ea273-3343-49d8-82e6-5dd0c40dfb42"
2018-08-08T02:05:51.656Z - warn: The referenced asset used in "db://assets/resources/ui/uiMatching2v2.prefab" is not found, it may have been deleted. Detailed information:
Node path: "uiMatching2v2/play-bg"
Used in Component: "cc.Sprite"
uuid: "b400fa89-4222-4a1f-a45c-c0d7f6991bbd"
2018-08-08T02:05:51.659Z - warn: The referenced asset used in "db://assets/resources/ui/uiMatching2v2.prefab" is not found, it may have been deleted. Detailed information:
Used by "cc.PrefabInfo"
uuid: "cbc68f84-2be9-4225-aaf3-19131155efeb"
2018-08-08T02:05:51.664Z - warn: The referenced asset used in "db://assets/resources/ui/uiMatchingVer.prefab" is not found, it may have been deleted. Detailed information:
Used by "cc.PrefabInfo"
uuid: "9d9420b0-61ef-482e-a2bd-426b5b0e332f"
2018-08-08T02:05:51.665Z - warn: The referenced asset used in "db://assets/resources/ui/uiMatching2v2Ver.prefab" is not found, it may have been deleted. Detailed information:
Used by "cc.PrefabInfo"
uuid: "7af4c07e-6da4-4e33-a111-2a7e3d7d2c10"
2018-08-08T02:05:51.686Z - warn: The referenced asset used in "db://assets/resources/ui/uiRoomListVer.prefab" is not found, it may have been deleted. Detailed information:
Used by "cc.PrefabInfo"
uuid: "63d42f36-09b3-4c78-847c-ed201f58b3fd"
2018-08-08T02:05:51.696Z - warn: The referenced asset used in "db://assets/resources/ui/uiResultVer.prefab" is not found, it may have been deleted. Detailed information:
Used by "cc.PrefabInfo"
uuid: "e649c1b8-6bdf-4209-9aee-e75231a2d824"
2018-08-08T02:05:51.699Z - warn: The referenced asset used in "db://assets/resources/ui/uiResultVer.prefab" is not found, it may have been deleted. Detailed information:
Node path: "uiResultVer"
Used in Component: "uiResult"
uuid: "275a72f3-ffff-43cf-9c1c-b6495b147d60"
2018-08-08T02:05:51.701Z - warn: The referenced asset used in "db://assets/resources/ui/uiResultVer.prefab" is not found, it may have been deleted. Detailed information:
Node path: "uiResultVer"
Used in Component: "uiResult"
uuid: "1ceb701f-3aa5-45a6-9daf-c261fabbecbf"
2018-08-08T02:05:52.388Z - normal: Finish build-assets in worker
2018-08-08T02:05:52.394Z - normal: Finish building assets
2018-08-08T02:05:52.436Z - normal: Start building raw assets
2018-08-08T02:05:52.436Z - normal: Start building plugin scripts
2018-08-08T02:05:54.287Z - normal: Finish building plugin scripts
2018-08-08T02:05:54.714Z - normal: Finish building raw assets
2018-08-08T02:05:54.717Z - normal: Generating main.js from /Applications/CocosCreator 1.9.3.app/Contents/Resources/static/build-templates/shares/main.js
2018-08-08T02:05:55.797Z - normal: Built to "/Users/mac/MatchVsGithub/JumpJump/JumpJump/build/wechatgame" successfully
2018-08-08T02:18:54.286Z - warn: 找不到微信开发程序版本信息路径 [/Applications/wechatwebdevtools.app/Contents/Resources/app.nw/package.json]。
2018-08-08T02:18:54.287Z - warn: 微信开发程序版本过低，不能享用所有功能，请尽快升级。
2018-08-08T02:18:54.686Z - normal: Initializing...

2018-08-08T02:18:54.693Z - normal: idePortFile: /Users/mac/Library/Application Support/微信web开发者工具/Default/.ide

2018-08-08T02:18:54.715Z - normal: IDE server has started, listening on http://127.0.0.1:45837
initialization finished

2018-08-08T02:18:56.420Z - normal: open IDE success

